-------------------------------------------------------------------------------
Test set: org.springframework.samples.petclinic.owner.OwnerControllerTests
-------------------------------------------------------------------------------
Tests run: 11, Failures: 0, Errors: 11, Skipped: 0, Time elapsed: 34.471 s <<< FAILURE! - in org.springframework.samples.petclinic.owner.OwnerControllerTests
testProcessUpdateOwnerFormHasErrors(org.springframework.samples.petclinic.owner.OwnerControllerTests)  Time elapsed: 0.14 s  <<< ERROR!
java.lang.IllegalStateException: Failed to load ApplicationContext
Caused by: org.springframework.beans.factory.UnsatisfiedDependencyException: Error creating bean with name 'ownerController' defined in file [C:\Users\Jose Pablo\Documents\GitHub\Petclinic4A\target\classes\org\springframework\samples\petclinic\owner\OwnerController.class]: Unsatisfied dependency expressed through constructor parameter 1; nested exception is org.springframework.beans.factory.NoSuchBeanDefinitionException: No qualifying bean of type 'org.springframework.samples.petclinic.owner.PetRepository' available: expected at least 1 bean which qualifies as autowire candidate. Dependency annotations: {}
Caused by: org.springframework.beans.factory.NoSuchBeanDefinitionException: No qualifying bean of type 'org.springframework.samples.petclinic.owner.PetRepository' available: expected at least 1 bean which qualifies as autowire candidate. Dependency annotations: {}

testProcessCreationFormSuccess(org.springframework.samples.petclinic.owner.OwnerControllerTests)  Time elapsed: 0 s  <<< ERROR!
java.lang.IllegalStateException: Failed to load ApplicationContext
Caused by: org.springframework.beans.factory.UnsatisfiedDependencyException: Error creating bean with name 'ownerController' defined in file [C:\Users\Jose Pablo\Documents\GitHub\Petclinic4A\target\classes\org\springframework\samples\petclinic\owner\OwnerController.class]: Unsatisfied dependency expressed through constructor parameter 1; nested exception is org.springframework.beans.factory.NoSuchBeanDefinitionException: No qualifying bean of type 'org.springframework.samples.petclinic.owner.PetRepository' available: expected at least 1 bean which qualifies as autowire candidate. Dependency annotations: {}
Caused by: org.springframework.beans.factory.NoSuchBeanDefinitionException: No qualifying bean of type 'org.springframework.samples.petclinic.owner.PetRepository' available: expected at least 1 bean which qualifies as autowire candidate. Dependency annotations: {}

testInitFindForm(org.springframework.samples.petclinic.owner.OwnerControllerTests)  Time elapsed: 0 s  <<< ERROR!
java.lang.IllegalStateException: Failed to load ApplicationContext
Caused by: org.springframework.beans.factory.UnsatisfiedDependencyException: Error creating bean with name 'ownerController' defined in file [C:\Users\Jose Pablo\Documents\GitHub\Petclinic4A\target\classes\org\springframework\samples\petclinic\owner\OwnerController.class]: Unsatisfied dependency expressed through constructor parameter 1; nested exception is org.springframework.beans.factory.NoSuchBeanDefinitionException: No qualifying bean of type 'org.springframework.samples.petclinic.owner.PetRepository' available: expected at least 1 bean which qualifies as autowire candidate. Dependency annotations: {}
Caused by: org.springframework.beans.factory.NoSuchBeanDefinitionException: No qualifying bean of type 'org.springframework.samples.petclinic.owner.PetRepository' available: expected at least 1 bean which qualifies as autowire candidate. Dependency annotations: {}

testShowOwner(org.springframework.samples.petclinic.owner.OwnerControllerTests)  Time elapsed: 0 s  <<< ERROR!
java.lang.IllegalStateException: Failed to load ApplicationContext
Caused by: org.springframework.beans.factory.UnsatisfiedDependencyException: Error creating bean with name 'ownerController' defined in file [C:\Users\Jose Pablo\Documents\GitHub\Petclinic4A\target\classes\org\springframework\samples\petclinic\owner\OwnerController.class]: Unsatisfied dependency expressed through constructor parameter 1; nested exception is org.springframework.beans.factory.NoSuchBeanDefinitionException: No qualifying bean of type 'org.springframework.samples.petclinic.owner.PetRepository' available: expected at least 1 bean which qualifies as autowire candidate. Dependency annotations: {}
Caused by: org.springframework.beans.factory.NoSuchBeanDefinitionException: No qualifying bean of type 'org.springframework.samples.petclinic.owner.PetRepository' available: expected at least 1 bean which qualifies as autowire candidate. Dependency annotations: {}

testInitUpdateOwnerForm(org.springframework.samples.petclinic.owner.OwnerControllerTests)  Time elapsed: 0.016 s  <<< ERROR!
java.lang.IllegalStateException: Failed to load ApplicationContext
Caused by: org.springframework.beans.factory.UnsatisfiedDependencyException: Error creating bean with name 'ownerController' defined in file [C:\Users\Jose Pablo\Documents\GitHub\Petclinic4A\target\classes\org\springframework\samples\petclinic\owner\OwnerController.class]: Unsatisfied dependency expressed through constructor parameter 1; nested exception is org.springframework.beans.factory.NoSuchBeanDefinitionException: No qualifying bean of type 'org.springframework.samples.petclinic.owner.PetRepository' available: expected at least 1 bean which qualifies as autowire candidate. Dependency annotations: {}
Caused by: org.springframework.beans.factory.NoSuchBeanDefinitionException: No qualifying bean of type 'org.springframework.samples.petclinic.owner.PetRepository' available: expected at least 1 bean which qualifies as autowire candidate. Dependency annotations: {}

testInitCreationForm(org.springframework.samples.petclinic.owner.OwnerControllerTests)  Time elapsed: 0 s  <<< ERROR!
java.lang.IllegalStateException: Failed to load ApplicationContext
Caused by: org.springframework.beans.factory.UnsatisfiedDependencyException: Error creating bean with name 'ownerController' defined in file [C:\Users\Jose Pablo\Documents\GitHub\Petclinic4A\target\classes\org\springframework\samples\petclinic\owner\OwnerController.class]: Unsatisfied dependency expressed through constructor parameter 1; nested exception is org.springframework.beans.factory.NoSuchBeanDefinitionException: No qualifying bean of type 'org.springframework.samples.petclinic.owner.PetRepository' available: expected at least 1 bean which qualifies as autowire candidate. Dependency annotations: {}
Caused by: org.springframework.beans.factory.NoSuchBeanDefinitionException: No qualifying bean of type 'org.springframework.samples.petclinic.owner.PetRepository' available: expected at least 1 bean which qualifies as autowire candidate. Dependency annotations: {}

testProcessFindFormByLastName(org.springframework.samples.petclinic.owner.OwnerControllerTests)  Time elapsed: 0 s  <<< ERROR!
java.lang.IllegalStateException: Failed to load ApplicationContext
Caused by: org.springframework.beans.factory.UnsatisfiedDependencyException: Error creating bean with name 'ownerController' defined in file [C:\Users\Jose Pablo\Documents\GitHub\Petclinic4A\target\classes\org\springframework\samples\petclinic\owner\OwnerController.class]: Unsatisfied dependency expressed through constructor parameter 1; nested exception is org.springframework.beans.factory.NoSuchBeanDefinitionException: No qualifying bean of type 'org.springframework.samples.petclinic.owner.PetRepository' available: expected at least 1 bean which qualifies as autowire candidate. Dependency annotations: {}
Caused by: org.springframework.beans.factory.NoSuchBeanDefinitionException: No qualifying bean of type 'org.springframework.samples.petclinic.owner.PetRepository' available: expected at least 1 bean which qualifies as autowire candidate. Dependency annotations: {}

testProcessFindFormNoOwnersFound(org.springframework.samples.petclinic.owner.OwnerControllerTests)  Time elapsed: 0 s  <<< ERROR!
java.lang.IllegalStateException: Failed to load ApplicationContext
Caused by: org.springframework.beans.factory.UnsatisfiedDependencyException: Error creating bean with name 'ownerController' defined in file [C:\Users\Jose Pablo\Documents\GitHub\Petclinic4A\target\classes\org\springframework\samples\petclinic\owner\OwnerController.class]: Unsatisfied dependency expressed through constructor parameter 1; nested exception is org.springframework.beans.factory.NoSuchBeanDefinitionException: No qualifying bean of type 'org.springframework.samples.petclinic.owner.PetRepository' available: expected at least 1 bean which qualifies as autowire candidate. Dependency annotations: {}
Caused by: org.springframework.beans.factory.NoSuchBeanDefinitionException: No qualifying bean of type 'org.springframework.samples.petclinic.owner.PetRepository' available: expected at least 1 bean which qualifies as autowire candidate. Dependency annotations: {}

testProcessFindFormSuccess(org.springframework.samples.petclinic.owner.OwnerControllerTests)  Time elapsed: 0 s  <<< ERROR!
java.lang.IllegalStateException: Failed to load ApplicationContext
Caused by: org.springframework.beans.factory.UnsatisfiedDependencyException: Error creating bean with name 'ownerController' defined in file [C:\Users\Jose Pablo\Documents\GitHub\Petclinic4A\target\classes\org\springframework\samples\petclinic\owner\OwnerController.class]: Unsatisfied dependency expressed through constructor parameter 1; nested exception is org.springframework.beans.factory.NoSuchBeanDefinitionException: No qualifying bean of type 'org.springframework.samples.petclinic.owner.PetRepository' available: expected at least 1 bean which qualifies as autowire candidate. Dependency annotations: {}
Caused by: org.springframework.beans.factory.NoSuchBeanDefinitionException: No qualifying bean of type 'org.springframework.samples.petclinic.owner.PetRepository' available: expected at least 1 bean which qualifies as autowire candidate. Dependency annotations: {}

testProcessUpdateOwnerFormSuccess(org.springframework.samples.petclinic.owner.OwnerControllerTests)  Time elapsed: 0 s  <<< ERROR!
java.lang.IllegalStateException: Failed to load ApplicationContext
Caused by: org.springframework.beans.factory.UnsatisfiedDependencyException: Error creating bean with name 'ownerController' defined in file [C:\Users\Jose Pablo\Documents\GitHub\Petclinic4A\target\classes\org\springframework\samples\petclinic\owner\OwnerController.class]: Unsatisfied dependency expressed through constructor parameter 1; nested exception is org.springframework.beans.factory.NoSuchBeanDefinitionException: No qualifying bean of type 'org.springframework.samples.petclinic.owner.PetRepository' available: expected at least 1 bean which qualifies as autowire candidate. Dependency annotations: {}
Caused by: org.springframework.beans.factory.NoSuchBeanDefinitionException: No qualifying bean of type 'org.springframework.samples.petclinic.owner.PetRepository' available: expected at least 1 bean which qualifies as autowire candidate. Dependency annotations: {}

testProcessCreationFormHasErrors(org.springframework.samples.petclinic.owner.OwnerControllerTests)  Time elapsed: 0 s  <<< ERROR!
java.lang.IllegalStateException: Failed to load ApplicationContext
Caused by: org.springframework.beans.factory.UnsatisfiedDependencyException: Error creating bean with name 'ownerController' defined in file [C:\Users\Jose Pablo\Documents\GitHub\Petclinic4A\target\classes\org\springframework\samples\petclinic\owner\OwnerController.class]: Unsatisfied dependency expressed through constructor parameter 1; nested exception is org.springframework.beans.factory.NoSuchBeanDefinitionException: No qualifying bean of type 'org.springframework.samples.petclinic.owner.PetRepository' available: expected at least 1 bean which qualifies as autowire candidate. Dependency annotations: {}
Caused by: org.springframework.beans.factory.NoSuchBeanDefinitionException: No qualifying bean of type 'org.springframework.samples.petclinic.owner.PetRepository' available: expected at least 1 bean which qualifies as autowire candidate. Dependency annotations: {}

