<?xml version="1.0" encoding="UTF-8"?>
<testsuite xmlns:xsi="http://www.w3.org/2001/XMLSchema-instance" xsi:noNamespaceSchemaLocation="https://maven.apache.org/surefire/maven-surefire-plugin/xsd/surefire-test-report.xsd" name="org.springframework.samples.petclinic.vet.VetControllerTests" time="18.348" tests="1" errors="0" skipped="0" failures="1">
  <properties>
[...]
</properties>
  <testcase name="testShowVetList" classname="org.springframework.samples.petclinic.vet.VetControllerTests" time="2.129">
    <failure message="Model attribute &apos;vet&apos;&#10;Expected: hasProperty(&quot;lastName&quot;, is &quot;James&quot;)&#10;     but: was null" type="java.lang.AssertionError">java.lang.AssertionError: 
Model attribute 'vet'
Expected: hasProperty("lastName", is "James")
     but: was null
	at org.springframework.samples.petclinic.vet.VetControllerTests.testShowVetList(VetControllerTests.java:65)
</failure>
    <system-out><![CDATA[13:30:09.900 [main] DEBUG org.springframework.test.context.junit4.SpringJUnit4ClassRunner - SpringJUnit4ClassRunner constructor called with [class org.springframework.samples.petclinic.vet.VetControllerTests]
13:30:09.928 [main] DEBUG org.springframework.test.context.BootstrapUtils - Instantiating CacheAwareContextLoaderDelegate from class [org.springframework.test.context.cache.DefaultCacheAwareContextLoaderDelegate]
13:30:09.971 [main] DEBUG org.springframework.test.context.BootstrapUtils - Instantiating BootstrapContext using constructor [public org.springframework.test.context.support.DefaultBootstrapContext(java.lang.Class,org.springframework.test.context.CacheAwareContextLoaderDelegate)]
13:30:10.144 [main] DEBUG org.springframework.test.context.BootstrapUtils - Instantiating TestContextBootstrapper for test class [org.springframework.samples.petclinic.vet.VetControllerTests] from class [org.springframework.boot.test.autoconfigure.web.servlet.WebMvcTestContextBootstrapper]
13:30:10.276 [main] INFO org.springframework.boot.test.autoconfigure.web.servlet.WebMvcTestContextBootstrapper - Neither @ContextConfiguration nor @ContextHierarchy found for test class [org.springframework.samples.petclinic.vet.VetControllerTests], using SpringBootContextLoader
13:30:10.296 [main] DEBUG org.springframework.test.context.support.AbstractContextLoader - Did not detect default resource location for test class [org.springframework.samples.petclinic.vet.VetControllerTests]: class path resource [org/springframework/samples/petclinic/vet/VetControllerTests-context.xml] does not exist
13:30:10.296 [main] DEBUG org.springframework.test.context.support.AbstractContextLoader - Did not detect default resource location for test class [org.springframework.samples.petclinic.vet.VetControllerTests]: class path resource [org/springframework/samples/petclinic/vet/VetControllerTestsContext.groovy] does not exist
13:30:10.296 [main] INFO org.springframework.test.context.support.AbstractContextLoader - Could not detect default resource locations for test class [org.springframework.samples.petclinic.vet.VetControllerTests]: no resource found for suffixes {-context.xml, Context.groovy}.
13:30:10.296 [main] INFO org.springframework.test.context.support.AnnotationConfigContextLoaderUtils - Could not detect default configuration classes for test class [org.springframework.samples.petclinic.vet.VetControllerTests]: VetControllerTests does not declare any static, non-private, non-final, nested classes annotated with @Configuration.
13:30:10.711 [main] DEBUG org.springframework.test.context.support.ActiveProfilesUtils - Could not find an 'annotation declaring class' for annotation type [org.springframework.test.context.ActiveProfiles] and class [org.springframework.samples.petclinic.vet.VetControllerTests]
13:30:11.109 [main] DEBUG org.springframework.context.annotation.ClassPathScanningCandidateComponentProvider - Identified candidate component class: file [C:\Users\Jose Pablo\Documents\GitHub\Petclinic4A\target\classes\org\springframework\samples\petclinic\PetClinicApplication.class]
13:30:11.109 [main] INFO org.springframework.boot.test.context.SpringBootTestContextBootstrapper - Found @SpringBootConfiguration org.springframework.samples.petclinic.PetClinicApplication for test class org.springframework.samples.petclinic.vet.VetControllerTests
13:30:11.119 [main] DEBUG org.springframework.boot.test.autoconfigure.web.servlet.WebMvcTestContextBootstrapper - @TestExecutionListeners is not present for class [org.springframework.samples.petclinic.vet.VetControllerTests]: using defaults.
13:30:11.119 [main] INFO org.springframework.boot.test.autoconfigure.web.servlet.WebMvcTestContextBootstrapper - Loaded default TestExecutionListener class names from location [META-INF/spring.factories]: [org.springframework.boot.test.mock.mockito.MockitoTestExecutionListener, org.springframework.boot.test.mock.mockito.ResetMocksTestExecutionListener, org.springframework.boot.test.autoconfigure.restdocs.RestDocsTestExecutionListener, org.springframework.boot.test.autoconfigure.web.client.MockRestServiceServerResetTestExecutionListener, org.springframework.boot.test.autoconfigure.web.servlet.MockMvcPrintOnlyOnFailureTestExecutionListener, org.springframework.boot.test.autoconfigure.web.servlet.WebDriverTestExecutionListener, org.springframework.test.context.web.ServletTestExecutionListener, org.springframework.test.context.support.DirtiesContextBeforeModesTestExecutionListener, org.springframework.test.context.support.DependencyInjectionTestExecutionListener, org.springframework.test.context.support.DirtiesContextTestExecutionListener, org.springframework.test.context.transaction.TransactionalTestExecutionListener, org.springframework.test.context.jdbc.SqlScriptsTestExecutionListener]
13:30:11.200 [main] INFO org.springframework.boot.test.autoconfigure.web.servlet.WebMvcTestContextBootstrapper - Using TestExecutionListeners: [org.springframework.test.context.web.ServletTestExecutionListener@42a48628, org.springframework.test.context.support.DirtiesContextBeforeModesTestExecutionListener@293a5bf6, org.springframework.boot.test.mock.mockito.MockitoTestExecutionListener@6aeb35e6, org.springframework.boot.test.autoconfigure.SpringBootDependencyInjectionTestExecutionListener@1283bb96, org.springframework.test.context.support.DirtiesContextTestExecutionListener@74f0ea28, org.springframework.test.context.transaction.TransactionalTestExecutionListener@f6efaab, org.springframework.test.context.jdbc.SqlScriptsTestExecutionListener@3c19aaa5, org.springframework.boot.test.mock.mockito.ResetMocksTestExecutionListener@3349e9bb, org.springframework.boot.test.autoconfigure.restdocs.RestDocsTestExecutionListener@409bf450, org.springframework.boot.test.autoconfigure.web.client.MockRestServiceServerResetTestExecutionListener@38d8f54a, org.springframework.boot.test.autoconfigure.web.servlet.MockMvcPrintOnlyOnFailureTestExecutionListener@49e53c76, org.springframework.boot.test.autoconfigure.web.servlet.WebDriverTestExecutionListener@351d00c0]
13:30:11.220 [main] DEBUG org.springframework.test.annotation.ProfileValueUtils - Retrieved @ProfileValueSourceConfiguration [null] for test class [org.springframework.samples.petclinic.vet.VetControllerTests]
13:30:11.220 [main] DEBUG org.springframework.test.annotation.ProfileValueUtils - Retrieved ProfileValueSource type [class org.springframework.test.annotation.SystemProfileValueSource] for class [org.springframework.samples.petclinic.vet.VetControllerTests]
13:30:11.230 [main] DEBUG org.springframework.test.annotation.ProfileValueUtils - Retrieved @ProfileValueSourceConfiguration [null] for test class [org.springframework.samples.petclinic.vet.VetControllerTests]
13:30:11.230 [main] DEBUG org.springframework.test.annotation.ProfileValueUtils - Retrieved ProfileValueSource type [class org.springframework.test.annotation.SystemProfileValueSource] for class [org.springframework.samples.petclinic.vet.VetControllerTests]
13:30:11.230 [main] DEBUG org.springframework.test.annotation.ProfileValueUtils - Retrieved @ProfileValueSourceConfiguration [null] for test class [org.springframework.samples.petclinic.vet.VetControllerTests]
13:30:11.239 [main] DEBUG org.springframework.test.annotation.ProfileValueUtils - Retrieved ProfileValueSource type [class org.springframework.test.annotation.SystemProfileValueSource] for class [org.springframework.samples.petclinic.vet.VetControllerTests]
13:30:11.279 [main] DEBUG org.springframework.test.context.support.AbstractDirtiesContextTestExecutionListener - Before test class: context [DefaultTestContext@4218d6a3 testClass = VetControllerTests, testInstance = [null], testMethod = [null], testException = [null], mergedContextConfiguration = [WebMergedContextConfiguration@76505305 testClass = VetControllerTests, locations = '{}', classes = '{class org.springframework.samples.petclinic.PetClinicApplication}', contextInitializerClasses = '[]', activeProfiles = '{}', propertySourceLocations = '{}', propertySourceProperties = '{org.springframework.boot.test.autoconfigure.web.servlet.WebMvcTestContextBootstrapper=true}', contextCustomizers = set[[ImportsContextCustomizer@14cd1699 key = [org.springframework.boot.autoconfigure.cache.CacheAutoConfiguration, org.springframework.boot.autoconfigure.context.MessageSourceAutoConfiguration, org.springframework.boot.autoconfigure.data.web.SpringDataWebAutoConfiguration, org.springframework.boot.autoconfigure.freemarker.FreeMarkerAutoConfiguration, org.springframework.boot.autoconfigure.groovy.template.GroovyTemplateAutoConfiguration, org.springframework.boot.autoconfigure.gson.GsonAutoConfiguration, org.springframework.boot.autoconfigure.hateoas.HypermediaAutoConfiguration, org.springframework.boot.autoconfigure.http.HttpMessageConvertersAutoConfiguration, org.springframework.boot.autoconfigure.jackson.JacksonAutoConfiguration, org.springframework.boot.autoconfigure.jsonb.JsonbAutoConfiguration, org.springframework.boot.autoconfigure.mustache.MustacheAutoConfiguration, org.springframework.boot.autoconfigure.task.TaskExecutionAutoConfiguration, org.springframework.boot.autoconfigure.thymeleaf.ThymeleafAutoConfiguration, org.springframework.boot.autoconfigure.validation.ValidationAutoConfiguration, org.springframework.boot.autoconfigure.web.servlet.error.ErrorMvcAutoConfiguration, org.springframework.boot.autoconfigure.web.servlet.WebMvcAutoConfiguration, org.springframework.boot.test.autoconfigure.web.servlet.MockMvcAutoConfiguration, org.springframework.boot.test.autoconfigure.web.servlet.MockMvcSecurityAutoConfiguration, org.springframework.boot.test.autoconfigure.web.servlet.MockMvcWebClientAutoConfiguration, org.springframework.boot.test.autoconfigure.web.servlet.MockMvcWebDriverAutoConfiguration]], org.springframework.boot.test.context.filter.ExcludeFilterContextCustomizer@482cd91f, org.springframework.boot.test.json.DuplicateJsonObjectContextCustomizerFactory$DuplicateJsonObjectContextCustomizer@75c072cb, org.springframework.boot.test.mock.mockito.MockitoContextCustomizer@b47bef29, org.springframework.boot.test.autoconfigure.OverrideAutoConfigurationContextCustomizerFactory$DisableAutoConfigurationContextCustomizer@3b938003, org.springframework.boot.test.autoconfigure.filter.TypeExcludeFiltersContextCustomizer@51834a52, org.springframework.boot.test.autoconfigure.properties.PropertyMappingContextCustomizer@29e3c6e, org.springframework.boot.test.autoconfigure.web.servlet.WebDriverContextCustomizerFactory$Customizer@60704c], resourceBasePath = '', contextLoader = 'org.springframework.boot.test.context.SpringBootContextLoader', parent = [null]], attributes = map[[empty]]], class annotated with @DirtiesContext [false] with mode [null].
13:30:11.281 [main] DEBUG org.springframework.test.annotation.ProfileValueUtils - Retrieved @ProfileValueSourceConfiguration [null] for test class [org.springframework.samples.petclinic.vet.VetControllerTests]
13:30:11.281 [main] DEBUG org.springframework.test.annotation.ProfileValueUtils - Retrieved ProfileValueSource type [class org.springframework.test.annotation.SystemProfileValueSource] for class [org.springframework.samples.petclinic.vet.VetControllerTests]
13:30:12.022 [main] DEBUG org.springframework.test.context.support.TestPropertySourceUtils - Adding inlined properties to environment: {spring.jmx.enabled=false, org.springframework.boot.test.autoconfigure.web.servlet.WebMvcTestContextBootstrapper=true, server.port=-1}


              |\      _,,,--,,_
             /,`.-'`'   ._  \-;;,_
  _______ __|,4-  ) )_   .;.(__`'-'__     ___ __    _ ___ _______
 |       | '---''(_/._)-'(_\_)   |   |   |   |  |  | |   |       |
 |    _  |    ___|_     _|       |   |   |   |   |_| |   |       | __ _ _
 |   |_| |   |___  |   | |       |   |   |   |       |   |       | \ \ \ \
 |    ___|    ___| |   | |      _|   |___|   |  _    |   |      _|  \ \ \ \
 |   |   |   |___  |   | |     |_|       |   | | |   |   |     |_    ) ) ) )
 |___|   |_______| |___| |_______|_______|___|_|  |__|___|_______|  / / / /
 ==================================================================/_/_/_/

:: Built with Spring Boot :: 2.1.0.BUILD-SNAPSHOT


2018-11-21 13:30:14.107  INFO 10272 --- [           main] o.s.s.petclinic.vet.VetControllerTests   : Starting VetControllerTests on DESKTOP-Sandoval with PID 10272 (started by Jose Pablo in C:\Users\Jose Pablo\Documents\GitHub\Petclinic4A)
2018-11-21 13:30:14.148  INFO 10272 --- [           main] o.s.s.petclinic.vet.VetControllerTests   : No active profile set, falling back to default profiles: default
2018-11-21 13:30:22.795  INFO 10272 --- [           main] o.s.s.concurrent.ThreadPoolTaskExecutor  : Initializing ExecutorService 'applicationTaskExecutor'
2018-11-21 13:30:24.447  INFO 10272 --- [           main] o.s.b.t.m.w.SpringBootMockServletContext : Initializing Spring TestDispatcherServlet ''
2018-11-21 13:30:24.447  INFO 10272 --- [           main] o.s.t.web.servlet.TestDispatcherServlet  : Initializing Servlet ''
2018-11-21 13:30:24.506  INFO 10272 --- [           main] o.s.t.web.servlet.TestDispatcherServlet  : Completed initialization in 59 ms
2018-11-21 13:30:24.648  INFO 10272 --- [           main] o.s.s.petclinic.vet.VetControllerTests   : Started VetControllerTests in 12.585 seconds (JVM running for 17.381)

MockHttpServletRequest:
      HTTP Method = GET
      Request URI = /vets.html
       Parameters = {}
          Headers = {}
             Body = <no character encoding set>
    Session Attrs = {}

Handler:
             Type = org.springframework.samples.petclinic.vet.VetController
           Method = public java.lang.String org.springframework.samples.petclinic.vet.VetController.showVetList(java.util.Map<java.lang.String, java.lang.Object>)

Async:
    Async started = false
     Async result = null

Resolved Exception:
             Type = null

ModelAndView:
        View name = vets/vetList
             View = null
        Attribute = specialties
            value = []
        Attribute = vets
            value = org.springframework.samples.petclinic.vet.Vets@6e60f18
           errors = []

FlashMap:
       Attributes = null

MockHttpServletResponse:
           Status = 200
    Error message = null
          Headers = {Content-Language=[en], Content-Type=[text/html;charset=UTF-8]}
     Content type = text/html;charset=UTF-8
             Body = <!DOCTYPE html>

<html>

  <head>

    <meta http-equiv="Content-Type" content="text/html; charset=UTF-8"/>
    <meta charset="utf-8">
    <meta http-equiv="X-UA-Compatible" content="IE=edge">
    <meta name="viewport" content="width=device-width, initial-scale=1">

    <link rel="shortcut icon" type="image/x-icon" href="/resources/images/favicon.png">

    <title>PetClinic :: a Spring Framework demonstration</title>

    <!--[if lt IE 9]>
    <script src="https://oss.maxcdn.com/html5shiv/3.7.2/html5shiv.min.js"></script>
    <script src="https://oss.maxcdn.com/respond/1.4.2/respond.min.js"></script>
    <![endif]-->

    <link rel="stylesheet" href="/resources/css/petclinic.css"/>

  </head>

<body>

  <nav class="navbar navbar-default" role="navigation">
      <div class="container">
          <div class="navbar-header">
              <a class="navbar-brand" href="/"><span></span></a>
              <button type="button" class="navbar-toggle" data-toggle="collapse" data-target="#main-navbar">
                  <span class="sr-only"><os-p>Toggle navigation</os-p></span>
                  <span class="icon-bar"></span>
                  <span class="icon-bar"></span>
                  <span class="icon-bar"></span>
              </button>
          </div>
          <div class="navbar-collapse collapse" id="main-navbar">
              <ul class="nav navbar-nav navbar-right">
  
                  <li>
                      <a href="">
                        <span class="glyphicon  glyphicon-null" aria-hidden="true"></span>
                        <span></span>
                      </a>
                  </li>
  
                  <li>
                      <a href="/" title="home page">
                        <span class="glyphicon  glyphicon-home" aria-hidden="true"></span>
                        <span>Inicio</span>
                      </a>
                  </li>
  
                  <li>
                      <a href="/owners/find" title="find owners">
                        <span class="glyphicon  glyphicon-search" aria-hidden="true"></span>
                        <span>Buscar propietarios</span>
                      </a>
                  </li>
  
                  <li class="active">
                      <a href="/vets.html" title="veterinarians">
                        <span class="glyphicon  glyphicon-th-list" aria-hidden="true"></span>
                        <span>Veterinarios</span>
                      </a>
                  </li>
  
                  <li>
                      <a href="/medicament/find" title="nuevo">
                        <span class="glyphicon  glyphicon-search" aria-hidden="true"></span>
                        <span>Medicamentos</span>
                      </a>
                  </li>
                  
                  <li>
                      <a href="/oups" title="trigger a RuntimeException to see how it is handled">
                        <span class="glyphicon  glyphicon-warning-sign" aria-hidden="true"></span>
                        <span>Error</span>
                      </a>
                  </li>
  
              </ul>
          </div>
      </div>
  </nav>
  <div class="container-fluid">
      <div class="container xd-container">
  
          

  <h2>Veterinarios</h2>

  <table id="vets" class="table table-striped">
    <thead>
      <tr>
        <th>Nombre</th>
        <th>Especialidades</th>
        <th>Acciones</th>
      </tr>
    </thead>
    <tbody>
      <tr>
        <td>James Carter</td>
        <td> <span>none</span></td>
          <th>
               <a href="/vets/edit/30"  >Editar</a>
             
              <a href="/vet/delete/30"  >Eliminar</a>
          </th>
      </tr>
      <tr>
        <td>Helen Leary</td>
        <td><span >radiology </span> </td>
          <th>
               <a href="/vets/edit/31"  >Editar</a>
             
              <a href="/vet/delete/31"  >Eliminar</a>
          </th>
      </tr>
    </tbody>
  </table>
  
  <a class="btn btn-default" href="/vets/new" >Agregar Veterinarios</a>



        <br/>
        <br/>
        <div class="container">
          <div class="row">
            <div class="col-12 text-center">
              <img src="/resources/images/spring-pivotal-logo.png" alt="Sponsored by Pivotal"/></div>
          </div>
        </div>
      </div>
  </div>

  <script src="/webjars/jquery/2.2.4/jquery.min.js"></script>
  <script src="/webjars/jquery-ui/1.11.4/jquery-ui.min.js"></script>
  <script src="/webjars/bootstrap/3.3.6/js/bootstrap.min.js"></script>

</body>

</html>

    Forwarded URL = null
   Redirected URL = null
          Cookies = []
]]></system-out>
  </testcase>
</testsuite>